{"/home/outofloppa/work/elo_ranker/realtime-elo-ranker/apps/realtime-elo-ranker-server/src/app.module.ts": {"path":"/home/outofloppa/work/elo_ranker/realtime-elo-ranker/apps/realtime-elo-ranker-server/src/app.module.ts","statementMap":{"0":{"start":{"line":1,"column":0},"end":{"line":1,"column":40}},"1":{"start":{"line":2,"column":0},"end":{"line":2,"column":57}},"2":{"start":{"line":3,"column":0},"end":{"line":3,"column":57}},"3":{"start":{"line":4,"column":0},"end":{"line":4,"column":55}},"4":{"start":{"line":5,"column":0},"end":{"line":5,"column":68}},"5":{"start":{"line":6,"column":0},"end":{"line":6,"column":48}},"6":{"start":{"line":7,"column":0},"end":{"line":7,"column":59}},"7":{"start":{"line":24,"column":7},"end":{"line":24,"column":null}},"8":{"start":{"line":24,"column":13},"end":{"line":24,"column":22}},"9":{"start":{"line":24,"column":13},"end":{"line":24,"column":null}}},"fnMap":{},"branchMap":{},"s":{"0":1,"1":1,"2":1,"3":1,"4":1,"5":1,"6":1,"7":1,"8":1,"9":1},"f":{},"b":{}}
,"/home/outofloppa/work/elo_ranker/realtime-elo-ranker/apps/realtime-elo-ranker-server/src/health.controller.ts": {"path":"/home/outofloppa/work/elo_ranker/realtime-elo-ranker/apps/realtime-elo-ranker-server/src/health.controller.ts","statementMap":{"0":{"start":{"line":1,"column":0},"end":{"line":1,"column":49}},"1":{"start":{"line":4,"column":7},"end":{"line":9,"column":null}},"2":{"start":{"line":7,"column":4},"end":{"line":7,"column":28}},"3":{"start":{"line":4,"column":13},"end":{"line":4,"column":29}},"4":{"start":{"line":6,"column":2},"end":{"line":8,"column":null}},"5":{"start":{"line":4,"column":13},"end":{"line":9,"column":null}}},"fnMap":{"0":{"name":"(anonymous_2)","decl":{"start":{"line":6,"column":2},"end":{"line":6,"column":11}},"loc":{"start":{"line":6,"column":11},"end":{"line":8,"column":3}}}},"branchMap":{},"s":{"0":1,"1":1,"2":1,"3":1,"4":1,"5":1},"f":{"0":1},"b":{}}
,"/home/outofloppa/work/elo_ranker/realtime-elo-ranker/apps/realtime-elo-ranker-server/src/players/player.entity.ts": {"path":"/home/outofloppa/work/elo_ranker/realtime-elo-ranker/apps/realtime-elo-ranker-server/src/players/player.entity.ts","statementMap":{"0":{"start":{"line":1,"column":0},"end":{"line":1,"column":56}},"1":{"start":{"line":4,"column":7},"end":{"line":10,"column":null}},"2":{"start":{"line":4,"column":13},"end":{"line":4,"column":25}},"3":{"start":{"line":6,"column":2},"end":{"line":6,"column":null}},"4":{"start":{"line":9,"column":2},"end":{"line":9,"column":null}},"5":{"start":{"line":4,"column":13},"end":{"line":10,"column":null}}},"fnMap":{},"branchMap":{},"s":{"0":3,"1":3,"2":3,"3":3,"4":3,"5":3},"f":{},"b":{}}
,"/home/outofloppa/work/elo_ranker/realtime-elo-ranker/apps/realtime-elo-ranker-server/src/players/players.controller.ts": {"path":"/home/outofloppa/work/elo_ranker/realtime-elo-ranker/apps/realtime-elo-ranker-server/src/players/players.controller.ts","statementMap":{"0":{"start":{"line":1,"column":0},"end":{"line":1,"column":78}},"1":{"start":{"line":2,"column":0},"end":{"line":2,"column":58}},"2":{"start":{"line":3,"column":0},"end":{"line":3,"column":51}},"3":{"start":{"line":6,"column":7},"end":{"line":14,"column":null}},"4":{"start":{"line":7,"column":31},"end":{"line":7,"column":47}},"5":{"start":{"line":12,"column":4},"end":{"line":12,"column":43}},"6":{"start":{"line":6,"column":13},"end":{"line":6,"column":30}},"7":{"start":{"line":11,"column":8},"end":{"line":13,"column":null}},"8":{"start":{"line":6,"column":13},"end":{"line":14,"column":null}}},"fnMap":{"0":{"name":"(anonymous_4)","decl":{"start":{"line":7,"column":2},"end":{"line":7,"column":31}},"loc":{"start":{"line":7,"column":61},"end":{"line":7,"column":65}}},"1":{"name":"(anonymous_5)","decl":{"start":{"line":11,"column":8},"end":{"line":11,"column":20}},"loc":{"start":{"line":11,"column":49},"end":{"line":13,"column":3}}}},"branchMap":{},"s":{"0":1,"1":1,"2":1,"3":1,"4":5,"5":5,"6":1,"7":1,"8":1},"f":{"0":5,"1":5},"b":{}}
,"/home/outofloppa/work/elo_ranker/realtime-elo-ranker/apps/realtime-elo-ranker-server/src/players/players.module.ts": {"path":"/home/outofloppa/work/elo_ranker/realtime-elo-ranker/apps/realtime-elo-ranker-server/src/players/players.module.ts","statementMap":{"0":{"start":{"line":1,"column":0},"end":{"line":1,"column":40}},"1":{"start":{"line":2,"column":0},"end":{"line":2,"column":57}},"2":{"start":{"line":3,"column":0},"end":{"line":3,"column":51}},"3":{"start":{"line":4,"column":0},"end":{"line":4,"column":69}},"4":{"start":{"line":5,"column":0},"end":{"line":5,"column":48}},"5":{"start":{"line":6,"column":0},"end":{"line":6,"column":47}},"6":{"start":{"line":14,"column":7},"end":{"line":14,"column":null}},"7":{"start":{"line":14,"column":13},"end":{"line":14,"column":26}},"8":{"start":{"line":14,"column":13},"end":{"line":14,"column":null}}},"fnMap":{},"branchMap":{},"s":{"0":1,"1":1,"2":1,"3":1,"4":1,"5":1,"6":1,"7":1,"8":1},"f":{},"b":{}}
,"/home/outofloppa/work/elo_ranker/realtime-elo-ranker/apps/realtime-elo-ranker-server/src/players/players.service.ts": {"path":"/home/outofloppa/work/elo_ranker/realtime-elo-ranker/apps/realtime-elo-ranker-server/src/players/players.service.ts","statementMap":{"0":{"start":{"line":1,"column":0},"end":{"line":1,"column":null}},"1":{"start":{"line":6,"column":0},"end":{"line":6,"column":51}},"2":{"start":{"line":7,"column":0},"end":{"line":7,"column":37}},"3":{"start":{"line":8,"column":0},"end":{"line":8,"column":55}},"4":{"start":{"line":10,"column":0},"end":{"line":10,"column":71}},"5":{"start":{"line":13,"column":7},"end":{"line":86,"column":null}},"6":{"start":{"line":17,"column":21},"end":{"line":17,"column":35}},"7":{"start":{"line":19,"column":21},"end":{"line":19,"column":34}},"8":{"start":{"line":14,"column":10},"end":{"line":14,"column":51}},"9":{"start":{"line":23,"column":15},"end":{"line":23,"column":28}},"10":{"start":{"line":24,"column":4},"end":{"line":29,"column":5}},"11":{"start":{"line":25,"column":6},"end":{"line":28,"column":9}},"12":{"start":{"line":30,"column":4},"end":{"line":35,"column":5}},"13":{"start":{"line":31,"column":6},"end":{"line":34,"column":9}},"14":{"start":{"line":36,"column":33},"end":{"line":39,"column":6}},"15":{"start":{"line":40,"column":4},"end":{"line":40,"column":40}},"16":{"start":{"line":41,"column":4},"end":{"line":41,"column":33}},"17":{"start":{"line":42,"column":4},"end":{"line":42,"column":37}},"18":{"start":{"line":43,"column":4},"end":{"line":43,"column":18}},"19":{"start":{"line":47,"column":4},"end":{"line":51,"column":5}},"20":{"start":{"line":48,"column":24},"end":{"line":48,"column":53}},"21":{"start":{"line":49,"column":6},"end":{"line":49,"column":58}},"22":{"start":{"line":49,"column":31},"end":{"line":49,"column":56}},"23":{"start":{"line":50,"column":6},"end":{"line":50,"column":43}},"24":{"start":{"line":52,"column":4},"end":{"line":52,"column":45}},"25":{"start":{"line":56,"column":19},"end":{"line":56,"column":72}},"26":{"start":{"line":57,"column":4},"end":{"line":59,"column":5}},"27":{"start":{"line":58,"column":6},"end":{"line":58,"column":20}},"28":{"start":{"line":60,"column":18},"end":{"line":60,"column":67}},"29":{"start":{"line":61,"column":4},"end":{"line":64,"column":5}},"30":{"start":{"line":62,"column":6},"end":{"line":62,"column":34}},"31":{"start":{"line":63,"column":6},"end":{"line":63,"column":38}},"32":{"start":{"line":65,"column":4},"end":{"line":65,"column":30}},"33":{"start":{"line":69,"column":4},"end":{"line":69,"column":40}},"34":{"start":{"line":70,"column":4},"end":{"line":70,"column":40}},"35":{"start":{"line":71,"column":4},"end":{"line":71,"column":37}},"36":{"start":{"line":75,"column":18},"end":{"line":75,"column":48}},"37":{"start":{"line":76,"column":4},"end":{"line":78,"column":5}},"38":{"start":{"line":77,"column":6},"end":{"line":77,"column":18}},"39":{"start":{"line":79,"column":16},"end":{"line":82,"column":47}},"40":{"start":{"line":83,"column":22},"end":{"line":83,"column":59}},"41":{"start":{"line":84,"column":4},"end":{"line":84,"column":33}},"42":{"start":{"line":13,"column":13},"end":{"line":13,"column":27}},"43":{"start":{"line":13,"column":13},"end":{"line":86,"column":null}}},"fnMap":{"0":{"name":"(anonymous_4)","decl":{"start":{"line":16,"column":2},"end":{"line":16,"column":null}},"loc":{"start":{"line":19,"column":58},"end":{"line":20,"column":6}}},"1":{"name":"(anonymous_5)","decl":{"start":{"line":22,"column":2},"end":{"line":22,"column":7}},"loc":{"start":{"line":22,"column":35},"end":{"line":44,"column":3}}},"2":{"name":"(anonymous_6)","decl":{"start":{"line":46,"column":2},"end":{"line":46,"column":7}},"loc":{"start":{"line":46,"column":15},"end":{"line":53,"column":3}}},"3":{"name":"(anonymous_7)","decl":{"start":{"line":49,"column":24},"end":{"line":49,"column":25}},"loc":{"start":{"line":49,"column":31},"end":{"line":49,"column":56}}},"4":{"name":"(anonymous_8)","decl":{"start":{"line":55,"column":2},"end":{"line":55,"column":7}},"loc":{"start":{"line":55,"column":27},"end":{"line":66,"column":3}}},"5":{"name":"(anonymous_9)","decl":{"start":{"line":68,"column":2},"end":{"line":68,"column":7}},"loc":{"start":{"line":68,"column":29},"end":{"line":72,"column":3}}},"6":{"name":"(anonymous_10)","decl":{"start":{"line":74,"column":10},"end":{"line":74,"column":15}},"loc":{"start":{"line":74,"column":34},"end":{"line":85,"column":3}}}},"branchMap":{"0":{"loc":{"start":{"line":24,"column":4},"end":{"line":29,"column":5}},"type":"if","locations":[{"start":{"line":24,"column":4},"end":{"line":29,"column":5}},{"start":{},"end":{}}]},"1":{"loc":{"start":{"line":30,"column":4},"end":{"line":35,"column":5}},"type":"if","locations":[{"start":{"line":30,"column":4},"end":{"line":35,"column":5}},{"start":{},"end":{}}]},"2":{"loc":{"start":{"line":30,"column":8},"end":{"line":30,"column":83}},"type":"binary-expr","locations":[{"start":{"line":30,"column":8},"end":{"line":30,"column":28}},{"start":{"line":30,"column":33},"end":{"line":30,"column":82}}]},"3":{"loc":{"start":{"line":47,"column":4},"end":{"line":51,"column":5}},"type":"if","locations":[{"start":{"line":47,"column":4},"end":{"line":51,"column":5}},{"start":{},"end":{}}]},"4":{"loc":{"start":{"line":56,"column":19},"end":{"line":56,"column":72}},"type":"cond-expr","locations":[{"start":{"line":56,"column":39},"end":{"line":56,"column":43}},{"start":{"line":56,"column":43},"end":{"line":56,"column":72}}]},"5":{"loc":{"start":{"line":56,"column":19},"end":{"line":56,"column":43}},"type":"binary-expr","locations":[{"start":{"line":56,"column":19},"end":{"line":56,"column":43}},{"start":{"line":56,"column":39},"end":{"line":56,"column":43}}]},"6":{"loc":{"start":{"line":57,"column":4},"end":{"line":59,"column":5}},"type":"if","locations":[{"start":{"line":57,"column":4},"end":{"line":59,"column":5}},{"start":{},"end":{}}]},"7":{"loc":{"start":{"line":61,"column":4},"end":{"line":64,"column":5}},"type":"if","locations":[{"start":{"line":61,"column":4},"end":{"line":64,"column":5}},{"start":{},"end":{}}]},"8":{"loc":{"start":{"line":65,"column":11},"end":{"line":65,"column":29}},"type":"cond-expr","locations":[{"start":{"line":65,"column":11},"end":{"line":65,"column":16}},{"start":{"line":65,"column":20},"end":{"line":65,"column":29}}]},"9":{"loc":{"start":{"line":65,"column":11},"end":{"line":65,"column":20}},"type":"binary-expr","locations":[{"start":{"line":65,"column":11},"end":{"line":65,"column":20}},{"start":{"line":65,"column":11},"end":{"line":65,"column":20}}]},"10":{"loc":{"start":{"line":76,"column":4},"end":{"line":78,"column":5}},"type":"if","locations":[{"start":{"line":76,"column":4},"end":{"line":78,"column":5}},{"start":{},"end":{}}]},"11":{"loc":{"start":{"line":83,"column":22},"end":{"line":83,"column":59}},"type":"cond-expr","locations":[{"start":{"line":83,"column":33},"end":{"line":83,"column":52}},{"start":{"line":83,"column":55},"end":{"line":83,"column":59}}]},"12":{"loc":{"start":{"line":83,"column":22},"end":{"line":83,"column":30}},"type":"cond-expr","locations":[{"start":{"line":83,"column":25},"end":{"line":83,"column":27}},{"start":{"line":83,"column":22},"end":{"line":83,"column":30}}]},"13":{"loc":{"start":{"line":83,"column":22},"end":{"line":83,"column":27}},"type":"binary-expr","locations":[{"start":{"line":83,"column":22},"end":{"line":83,"column":27}},{"start":{"line":83,"column":22},"end":{"line":83,"column":27}}]}},"s":{"0":3,"1":3,"2":3,"3":3,"4":3,"5":3,"6":9,"7":9,"8":9,"9":8,"10":8,"11":0,"12":8,"13":2,"14":6,"15":6,"16":6,"17":6,"18":6,"19":2,"20":2,"21":2,"22":1,"23":2,"24":2,"25":4,"26":4,"27":2,"28":2,"29":2,"30":0,"31":0,"32":2,"33":2,"34":2,"35":2,"36":6,"37":6,"38":4,"39":2,"40":2,"41":2,"42":3,"43":3},"f":{"0":9,"1":8,"2":2,"3":1,"4":4,"5":2,"6":6},"b":{"0":[0,8],"1":[2,6],"2":[8,7],"3":[2,0],"4":[2,2],"5":[4,4],"6":[2,2],"7":[0,2],"8":[0,2],"9":[2,0],"10":[4,2],"11":[2,0],"12":[0,2],"13":[2,2]}}
,"/home/outofloppa/work/elo_ranker/realtime-elo-ranker/apps/realtime-elo-ranker-server/src/players/dto/create-player.dto.ts": {"path":"/home/outofloppa/work/elo_ranker/realtime-elo-ranker/apps/realtime-elo-ranker-server/src/players/dto/create-player.dto.ts","statementMap":{"0":{"start":{"line":1,"column":0},"end":{"line":1,"column":55}},"1":{"start":{"line":3,"column":0},"end":{"line":3,"column":13}},"2":{"start":{"line":6,"column":2},"end":{"line":6,"column":null}}},"fnMap":{},"branchMap":{},"s":{"0":1,"1":1,"2":1},"f":{},"b":{}}
,"/home/outofloppa/work/elo_ranker/realtime-elo-ranker/apps/realtime-elo-ranker-server/src/ranking/elo.service.ts": {"path":"/home/outofloppa/work/elo_ranker/realtime-elo-ranker/apps/realtime-elo-ranker-server/src/ranking/elo.service.ts","statementMap":{"0":{"start":{"line":1,"column":0},"end":{"line":1,"column":44}},"1":{"start":{"line":19,"column":7},"end":{"line":40,"column":null}},"2":{"start":{"line":20,"column":19},"end":{"line":20,"column":32}},"3":{"start":{"line":28,"column":22},"end":{"line":28,"column":58}},"4":{"start":{"line":29,"column":22},"end":{"line":29,"column":58}},"5":{"start":{"line":31,"column":24},"end":{"line":31,"column":81}},"6":{"start":{"line":32,"column":24},"end":{"line":32,"column":81}},"7":{"start":{"line":34,"column":4},"end":{"line":34,"column":40}},"8":{"start":{"line":38,"column":4},"end":{"line":38,"column":55}},"9":{"start":{"line":19,"column":13},"end":{"line":19,"column":23}},"10":{"start":{"line":19,"column":13},"end":{"line":40,"column":null}}},"fnMap":{"0":{"name":"(anonymous_1)","decl":{"start":{"line":19,"column":7},"end":{"line":19,"column":13}},"loc":{"start":{"line":19,"column":7},"end":{"line":40,"column":1}}},"1":{"name":"(anonymous_2)","decl":{"start":{"line":22,"column":2},"end":{"line":22,"column":9}},"loc":{"start":{"line":27,"column":24},"end":{"line":35,"column":3}}},"2":{"name":"(anonymous_3)","decl":{"start":{"line":37,"column":10},"end":{"line":37,"column":23}},"loc":{"start":{"line":37,"column":56},"end":{"line":39,"column":3}}}},"branchMap":{},"s":{"0":3,"1":3,"2":10,"3":4,"4":4,"5":4,"6":4,"7":4,"8":8,"9":3,"10":3},"f":{"0":10,"1":4,"2":8},"b":{}}
,"/home/outofloppa/work/elo_ranker/realtime-elo-ranker/apps/realtime-elo-ranker-server/src/ranking/match.controller.ts": {"path":"/home/outofloppa/work/elo_ranker/realtime-elo-ranker/apps/realtime-elo-ranker-server/src/ranking/match.controller.ts","statementMap":{"0":{"start":{"line":1,"column":0},"end":{"line":1,"column":78}},"1":{"start":{"line":2,"column":0},"end":{"line":2,"column":58}},"2":{"start":{"line":3,"column":0},"end":{"line":3,"column":51}},"3":{"start":{"line":6,"column":7},"end":{"line":14,"column":null}},"4":{"start":{"line":7,"column":31},"end":{"line":7,"column":47}},"5":{"start":{"line":12,"column":4},"end":{"line":12,"column":49}},"6":{"start":{"line":6,"column":13},"end":{"line":6,"column":28}},"7":{"start":{"line":11,"column":8},"end":{"line":13,"column":null}},"8":{"start":{"line":6,"column":13},"end":{"line":14,"column":null}}},"fnMap":{"0":{"name":"(anonymous_4)","decl":{"start":{"line":7,"column":2},"end":{"line":7,"column":31}},"loc":{"start":{"line":7,"column":61},"end":{"line":7,"column":65}}},"1":{"name":"(anonymous_5)","decl":{"start":{"line":11,"column":8},"end":{"line":11,"column":20}},"loc":{"start":{"line":11,"column":49},"end":{"line":13,"column":3}}}},"branchMap":{},"s":{"0":1,"1":1,"2":1,"3":1,"4":5,"5":2,"6":1,"7":1,"8":1},"f":{"0":5,"1":2},"b":{}}
,"/home/outofloppa/work/elo_ranker/realtime-elo-ranker/apps/realtime-elo-ranker-server/src/ranking/ranking-cache.module.ts": {"path":"/home/outofloppa/work/elo_ranker/realtime-elo-ranker/apps/realtime-elo-ranker-server/src/ranking/ranking-cache.module.ts","statementMap":{"0":{"start":{"line":1,"column":0},"end":{"line":1,"column":40}},"1":{"start":{"line":2,"column":0},"end":{"line":2,"column":62}},"2":{"start":{"line":8,"column":7},"end":{"line":8,"column":null}},"3":{"start":{"line":8,"column":13},"end":{"line":8,"column":31}},"4":{"start":{"line":8,"column":13},"end":{"line":8,"column":null}}},"fnMap":{},"branchMap":{},"s":{"0":1,"1":1,"2":1,"3":1,"4":1},"f":{},"b":{}}
,"/home/outofloppa/work/elo_ranker/realtime-elo-ranker/apps/realtime-elo-ranker-server/src/ranking/ranking-cache.service.ts": {"path":"/home/outofloppa/work/elo_ranker/realtime-elo-ranker/apps/realtime-elo-ranker-server/src/ranking/ranking-cache.service.ts","statementMap":{"0":{"start":{"line":1,"column":0},"end":{"line":1,"column":44}},"1":{"start":{"line":5,"column":7},"end":{"line":27,"column":null}},"2":{"start":{"line":6,"column":10},"end":{"line":6,"column":46}},"3":{"start":{"line":9,"column":4},"end":{"line":9,"column":45}},"4":{"start":{"line":13,"column":4},"end":{"line":13,"column":32}},"5":{"start":{"line":17,"column":4},"end":{"line":17,"column":40}},"6":{"start":{"line":21,"column":4},"end":{"line":21,"column":54}},"7":{"start":{"line":21,"column":27},"end":{"line":21,"column":52}},"8":{"start":{"line":25,"column":4},"end":{"line":25,"column":25}},"9":{"start":{"line":5,"column":13},"end":{"line":5,"column":32}},"10":{"start":{"line":5,"column":13},"end":{"line":27,"column":null}}},"fnMap":{"0":{"name":"(anonymous_1)","decl":{"start":{"line":5,"column":7},"end":{"line":5,"column":13}},"loc":{"start":{"line":5,"column":7},"end":{"line":27,"column":1}}},"1":{"name":"(anonymous_2)","decl":{"start":{"line":8,"column":2},"end":{"line":8,"column":8}},"loc":{"start":{"line":8,"column":8},"end":{"line":10,"column":3}}},"2":{"name":"(anonymous_3)","decl":{"start":{"line":12,"column":2},"end":{"line":12,"column":9}},"loc":{"start":{"line":12,"column":20},"end":{"line":14,"column":3}}},"3":{"name":"(anonymous_4)","decl":{"start":{"line":16,"column":2},"end":{"line":16,"column":8}},"loc":{"start":{"line":16,"column":23},"end":{"line":18,"column":3}}},"4":{"name":"(anonymous_5)","decl":{"start":{"line":20,"column":2},"end":{"line":20,"column":9}},"loc":{"start":{"line":20,"column":27},"end":{"line":22,"column":3}}},"5":{"name":"(anonymous_6)","decl":{"start":{"line":21,"column":20},"end":{"line":21,"column":21}},"loc":{"start":{"line":21,"column":27},"end":{"line":21,"column":52}}},"6":{"name":"(anonymous_7)","decl":{"start":{"line":24,"column":2},"end":{"line":24,"column":7}},"loc":{"start":{"line":24,"column":7},"end":{"line":26,"column":3}}}},"branchMap":{},"s":{"0":4,"1":4,"2":6,"3":5,"4":3,"5":7,"6":2,"7":0,"8":1,"9":4,"10":4},"f":{"0":6,"1":5,"2":3,"3":7,"4":2,"5":0,"6":1},"b":{}}
,"/home/outofloppa/work/elo_ranker/realtime-elo-ranker/apps/realtime-elo-ranker-server/src/ranking/ranking.controller.ts": {"path":"/home/outofloppa/work/elo_ranker/realtime-elo-ranker/apps/realtime-elo-ranker-server/src/ranking/ranking.controller.ts","statementMap":{"0":{"start":{"line":1,"column":0},"end":{"line":1,"column":68}},"1":{"start":{"line":2,"column":0},"end":{"line":2,"column":34}},"2":{"start":{"line":3,"column":0},"end":{"line":3,"column":51}},"3":{"start":{"line":6,"column":7},"end":{"line":18,"column":null}},"4":{"start":{"line":7,"column":31},"end":{"line":7,"column":47}},"5":{"start":{"line":11,"column":4},"end":{"line":11,"column":44}},"6":{"start":{"line":16,"column":4},"end":{"line":16,"column":53}},"7":{"start":{"line":6,"column":13},"end":{"line":6,"column":30}},"8":{"start":{"line":10,"column":2},"end":{"line":12,"column":null}},"9":{"start":{"line":15,"column":2},"end":{"line":17,"column":null}},"10":{"start":{"line":6,"column":13},"end":{"line":18,"column":null}}},"fnMap":{"0":{"name":"(anonymous_2)","decl":{"start":{"line":7,"column":2},"end":{"line":7,"column":31}},"loc":{"start":{"line":7,"column":61},"end":{"line":7,"column":65}}},"1":{"name":"(anonymous_3)","decl":{"start":{"line":10,"column":2},"end":{"line":10,"column":12}},"loc":{"start":{"line":10,"column":12},"end":{"line":12,"column":3}}},"2":{"name":"(anonymous_4)","decl":{"start":{"line":15,"column":2},"end":{"line":15,"column":22}},"loc":{"start":{"line":15,"column":22},"end":{"line":17,"column":3}}}},"branchMap":{},"s":{"0":1,"1":1,"2":1,"3":1,"4":5,"5":3,"6":0,"7":1,"8":1,"9":1,"10":1},"f":{"0":5,"1":3,"2":0},"b":{}}
,"/home/outofloppa/work/elo_ranker/realtime-elo-ranker/apps/realtime-elo-ranker-server/src/ranking/ranking.module.ts": {"path":"/home/outofloppa/work/elo_ranker/realtime-elo-ranker/apps/realtime-elo-ranker-server/src/ranking/ranking.module.ts","statementMap":{"0":{"start":{"line":1,"column":0},"end":{"line":1,"column":40}},"1":{"start":{"line":2,"column":0},"end":{"line":2,"column":57}},"2":{"start":{"line":3,"column":0},"end":{"line":3,"column":53}},"3":{"start":{"line":4,"column":0},"end":{"line":4,"column":51}},"4":{"start":{"line":5,"column":0},"end":{"line":5,"column":58}},"5":{"start":{"line":6,"column":0},"end":{"line":6,"column":60}},"6":{"start":{"line":7,"column":0},"end":{"line":7,"column":48}},"7":{"start":{"line":8,"column":0},"end":{"line":8,"column":54}},"8":{"start":{"line":9,"column":0},"end":{"line":9,"column":43}},"9":{"start":{"line":16,"column":7},"end":{"line":16,"column":null}},"10":{"start":{"line":16,"column":13},"end":{"line":16,"column":26}},"11":{"start":{"line":16,"column":13},"end":{"line":16,"column":null}}},"fnMap":{},"branchMap":{},"s":{"0":1,"1":1,"2":1,"3":1,"4":1,"5":1,"6":1,"7":1,"8":1,"9":1,"10":1,"11":1},"f":{},"b":{}}
,"/home/outofloppa/work/elo_ranker/realtime-elo-ranker/apps/realtime-elo-ranker-server/src/ranking/ranking.service.ts": {"path":"/home/outofloppa/work/elo_ranker/realtime-elo-ranker/apps/realtime-elo-ranker-server/src/ranking/ranking.service.ts","statementMap":{"0":{"start":{"line":1,"column":0},"end":{"line":1,"column":null}},"1":{"start":{"line":8,"column":0},"end":{"line":8,"column":51}},"2":{"start":{"line":9,"column":0},"end":{"line":9,"column":88}},"3":{"start":{"line":10,"column":0},"end":{"line":10,"column":37}},"4":{"start":{"line":11,"column":0},"end":{"line":11,"column":60}},"5":{"start":{"line":15,"column":0},"end":{"line":15,"column":62}},"6":{"start":{"line":16,"column":0},"end":{"line":16,"column":54}},"7":{"start":{"line":17,"column":0},"end":{"line":17,"column":43}},"8":{"start":{"line":18,"column":0},"end":{"line":18,"column":54}},"9":{"start":{"line":19,"column":0},"end":{"line":19,"column":67}},"10":{"start":{"line":22,"column":7},"end":{"line":147,"column":null}},"11":{"start":{"line":24,"column":21},"end":{"line":24,"column":37}},"12":{"start":{"line":25,"column":21},"end":{"line":25,"column":35}},"13":{"start":{"line":26,"column":21},"end":{"line":26,"column":33}},"14":{"start":{"line":27,"column":21},"end":{"line":27,"column":35}},"15":{"start":{"line":29,"column":21},"end":{"line":29,"column":32}},"16":{"start":{"line":33,"column":18},"end":{"line":33,"column":44}},"17":{"start":{"line":35,"column":4},"end":{"line":39,"column":5}},"18":{"start":{"line":36,"column":22},"end":{"line":36,"column":57}},"19":{"start":{"line":37,"column":6},"end":{"line":37,"column":41}},"20":{"start":{"line":38,"column":6},"end":{"line":38,"column":24}},"21":{"start":{"line":41,"column":4},"end":{"line":41,"column":54}},"22":{"start":{"line":41,"column":37},"end":{"line":41,"column":52}},"23":{"start":{"line":43,"column":4},"end":{"line":48,"column":5}},"24":{"start":{"line":44,"column":6},"end":{"line":47,"column":9}},"25":{"start":{"line":49,"column":4},"end":{"line":49,"column":19}},"26":{"start":{"line":53,"column":4},"end":{"line":58,"column":5}},"27":{"start":{"line":54,"column":6},"end":{"line":57,"column":9}},"28":{"start":{"line":60,"column":19},"end":{"line":60,"column":65}},"29":{"start":{"line":61,"column":18},"end":{"line":61,"column":63}},"30":{"start":{"line":63,"column":4},"end":{"line":68,"column":5}},"31":{"start":{"line":64,"column":6},"end":{"line":67,"column":9}},"32":{"start":{"line":70,"column":19},"end":{"line":70,"column":37}},"33":{"start":{"line":71,"column":19},"end":{"line":71,"column":37}},"34":{"start":{"line":73,"column":41},"end":{"line":78,"column":6}},"35":{"start":{"line":80,"column":23},"end":{"line":80,"column":66}},"36":{"start":{"line":81,"column":22},"end":{"line":81,"column":64}},"37":{"start":{"line":83,"column":4},"end":{"line":83,"column":52}},"38":{"start":{"line":84,"column":4},"end":{"line":84,"column":51}},"39":{"start":{"line":85,"column":4},"end":{"line":91,"column":6}},"40":{"start":{"line":93,"column":4},"end":{"line":96,"column":6}},"41":{"start":{"line":97,"column":4},"end":{"line":100,"column":6}},"42":{"start":{"line":102,"column":4},"end":{"line":105,"column":6}},"43":{"start":{"line":109,"column":25},"end":{"line":120,"column":6}},"44":{"start":{"line":110,"column":23},"end":{"line":117,"column":7}},"45":{"start":{"line":111,"column":8},"end":{"line":116,"column":11}},"46":{"start":{"line":118,"column":6},"end":{"line":118,"column":56}},"47":{"start":{"line":119,"column":6},"end":{"line":119,"column":70}},"48":{"start":{"line":119,"column":19},"end":{"line":119,"column":69}},"49":{"start":{"line":122,"column":23},"end":{"line":143,"column":null}},"50":{"start":{"line":124,"column":8},"end":{"line":141,"column":null}},"51":{"start":{"line":126,"column":27},"end":{"line":126,"column":57}},"52":{"start":{"line":127,"column":12},"end":{"line":132,"column":14}},"53":{"start":{"line":135,"column":12},"end":{"line":139,"column":13}},"54":{"start":{"line":136,"column":14},"end":{"line":138,"column":33}},"55":{"start":{"line":140,"column":12},"end":{"line":140,"column":22}},"56":{"start":{"line":145,"column":4},"end":{"line":145,"column":43}},"57":{"start":{"line":22,"column":13},"end":{"line":22,"column":27}},"58":{"start":{"line":22,"column":13},"end":{"line":147,"column":null}}},"fnMap":{"0":{"name":"(anonymous_4)","decl":{"start":{"line":23,"column":2},"end":{"line":23,"column":null}},"loc":{"start":{"line":29,"column":55},"end":{"line":30,"column":6}}},"1":{"name":"(anonymous_5)","decl":{"start":{"line":32,"column":2},"end":{"line":32,"column":7}},"loc":{"start":{"line":32,"column":18},"end":{"line":50,"column":3}}},"2":{"name":"(anonymous_6)","decl":{"start":{"line":41,"column":27},"end":{"line":41,"column":28}},"loc":{"start":{"line":41,"column":37},"end":{"line":41,"column":52}}},"3":{"name":"(anonymous_7)","decl":{"start":{"line":52,"column":2},"end":{"line":52,"column":7}},"loc":{"start":{"line":52,"column":41},"end":{"line":106,"column":3}}},"4":{"name":"(anonymous_8)","decl":{"start":{"line":108,"column":2},"end":{"line":108,"column":21}},"loc":{"start":{"line":108,"column":21},"end":{"line":146,"column":3}}},"5":{"name":"(anonymous_9)","decl":{"start":{"line":109,"column":54},"end":{"line":109,"column":55}},"loc":{"start":{"line":109,"column":69},"end":{"line":120,"column":5}}},"6":{"name":"(anonymous_10)","decl":{"start":{"line":110,"column":23},"end":{"line":110,"column":24}},"loc":{"start":{"line":110,"column":53},"end":{"line":117,"column":7}}},"7":{"name":"(anonymous_11)","decl":{"start":{"line":119,"column":13},"end":{"line":119,"column":16}},"loc":{"start":{"line":119,"column":19},"end":{"line":119,"column":69}}},"8":{"name":"(anonymous_12)","decl":{"start":{"line":123,"column":15},"end":{"line":123,"column":16}},"loc":{"start":{"line":124,"column":8},"end":{"line":141,"column":null}}},"9":{"name":"(anonymous_13)","decl":{"start":{"line":125,"column":14},"end":{"line":125,"column":15}},"loc":{"start":{"line":125,"column":26},"end":{"line":133,"column":11}}},"10":{"name":"(anonymous_14)","decl":{"start":{"line":134,"column":21},"end":{"line":134,"column":22}},"loc":{"start":{"line":134,"column":29},"end":{"line":141,"column":11}}}},"branchMap":{"0":{"loc":{"start":{"line":35,"column":4},"end":{"line":39,"column":5}},"type":"if","locations":[{"start":{"line":35,"column":4},"end":{"line":39,"column":5}},{"start":{},"end":{}}]},"1":{"loc":{"start":{"line":43,"column":4},"end":{"line":48,"column":5}},"type":"if","locations":[{"start":{"line":43,"column":4},"end":{"line":48,"column":5}},{"start":{},"end":{}}]},"2":{"loc":{"start":{"line":53,"column":4},"end":{"line":58,"column":5}},"type":"if","locations":[{"start":{"line":53,"column":4},"end":{"line":58,"column":5}},{"start":{},"end":{}}]},"3":{"loc":{"start":{"line":63,"column":4},"end":{"line":68,"column":5}},"type":"if","locations":[{"start":{"line":63,"column":4},"end":{"line":68,"column":5}},{"start":{},"end":{}}]},"4":{"loc":{"start":{"line":63,"column":8},"end":{"line":63,"column":25}},"type":"binary-expr","locations":[{"start":{"line":63,"column":8},"end":{"line":63,"column":15}},{"start":{"line":63,"column":19},"end":{"line":63,"column":25}}]},"5":{"loc":{"start":{"line":70,"column":19},"end":{"line":70,"column":37}},"type":"cond-expr","locations":[{"start":{"line":70,"column":30},"end":{"line":70,"column":33}},{"start":{"line":70,"column":36},"end":{"line":70,"column":37}}]},"6":{"loc":{"start":{"line":71,"column":19},"end":{"line":71,"column":37}},"type":"cond-expr","locations":[{"start":{"line":71,"column":30},"end":{"line":71,"column":33}},{"start":{"line":71,"column":36},"end":{"line":71,"column":37}}]},"7":{"loc":{"start":{"line":135,"column":12},"end":{"line":139,"column":13}},"type":"if","locations":[{"start":{"line":135,"column":12},"end":{"line":139,"column":13}},{"start":{},"end":{}}]}},"s":{"0":2,"1":2,"2":2,"3":2,"4":2,"5":2,"6":2,"7":2,"8":2,"9":2,"10":2,"11":9,"12":9,"13":9,"14":9,"15":9,"16":5,"17":5,"18":3,"19":3,"20":3,"21":5,"22":1,"23":5,"24":3,"25":2,"26":4,"27":1,"28":3,"29":3,"30":3,"31":1,"32":2,"33":2,"34":2,"35":2,"36":2,"37":2,"38":2,"39":2,"40":2,"41":2,"42":2,"43":1,"44":1,"45":0,"46":1,"47":1,"48":1,"49":1,"50":1,"51":0,"52":0,"53":1,"54":1,"55":0,"56":1,"57":2,"58":2},"f":{"0":9,"1":5,"2":1,"3":4,"4":1,"5":1,"6":0,"7":1,"8":1,"9":0,"10":1},"b":{"0":[3,2],"1":[3,2],"2":[1,3],"3":[1,2],"4":[3,2],"5":[1,1],"6":[1,1],"7":[1,0]}}
,"/home/outofloppa/work/elo_ranker/realtime-elo-ranker/apps/realtime-elo-ranker-server/src/ranking/dto/publish-match.dto.ts": {"path":"/home/outofloppa/work/elo_ranker/realtime-elo-ranker/apps/realtime-elo-ranker-server/src/ranking/dto/publish-match.dto.ts","statementMap":{"0":{"start":{"line":1,"column":0},"end":{"line":1,"column":66}},"1":{"start":{"line":3,"column":0},"end":{"line":3,"column":13}},"2":{"start":{"line":6,"column":2},"end":{"line":6,"column":null}},"3":{"start":{"line":10,"column":2},"end":{"line":10,"column":null}},"4":{"start":{"line":13,"column":2},"end":{"line":13,"column":null}}},"fnMap":{},"branchMap":{},"s":{"0":1,"1":1,"2":1,"3":1,"4":1},"f":{},"b":{}}
,"/home/outofloppa/work/elo_ranker/realtime-elo-ranker/apps/realtime-elo-ranker-server/src/ranking/entities/match.entity.ts": {"path":"/home/outofloppa/work/elo_ranker/realtime-elo-ranker/apps/realtime-elo-ranker-server/src/ranking/entities/match.entity.ts","statementMap":{"0":{"start":{"line":1,"column":0},"end":{"line":1,"column":null}},"1":{"start":{"line":9,"column":7},"end":{"line":24,"column":null}},"2":{"start":{"line":9,"column":13},"end":{"line":9,"column":24}},"3":{"start":{"line":11,"column":2},"end":{"line":11,"column":null}},"4":{"start":{"line":14,"column":2},"end":{"line":14,"column":null}},"5":{"start":{"line":17,"column":2},"end":{"line":17,"column":null}},"6":{"start":{"line":20,"column":2},"end":{"line":20,"column":null}},"7":{"start":{"line":23,"column":2},"end":{"line":23,"column":null}},"8":{"start":{"line":9,"column":13},"end":{"line":24,"column":null}}},"fnMap":{},"branchMap":{},"s":{"0":2,"1":2,"2":2,"3":2,"4":2,"5":2,"6":2,"7":2,"8":2},"f":{},"b":{}}
,"/home/outofloppa/work/elo_ranker/realtime-elo-ranker/apps/realtime-elo-ranker-server/src/ranking/events/ranking-update.event.ts": {"path":"/home/outofloppa/work/elo_ranker/realtime-elo-ranker/apps/realtime-elo-ranker-server/src/ranking/events/ranking-update.event.ts","statementMap":{"0":{"start":{"line":4,"column":30},"end":{"line":4,"column":44}},"1":{"start":{"line":3,"column":0},"end":{"line":3,"column":13}}},"fnMap":{"0":{"name":"(anonymous_0)","decl":{"start":{"line":4,"column":2},"end":{"line":4,"column":30}},"loc":{"start":{"line":4,"column":44},"end":{"line":4,"column":48}}}},"branchMap":{},"s":{"0":4,"1":2},"f":{"0":4},"b":{}}
}
