TN:
SF:src/app.module.ts
FNF:0
FNH:0
DA:1,1
DA:2,1
DA:3,1
DA:4,1
DA:5,1
DA:6,1
DA:7,1
DA:24,1
LF:8
LH:8
BRF:0
BRH:0
end_of_record
TN:
SF:src/health.controller.ts
FN:6,(anonymous_2)
FNF:1
FNH:1
FNDA:1,(anonymous_2)
DA:1,1
DA:4,1
DA:6,1
DA:7,1
LF:4
LH:4
BRF:0
BRH:0
end_of_record
TN:
SF:src/players/player.entity.ts
FNF:0
FNH:0
DA:1,3
DA:4,3
DA:6,3
DA:9,3
LF:4
LH:4
BRF:0
BRH:0
end_of_record
TN:
SF:src/players/players.controller.ts
FN:7,(anonymous_4)
FN:11,(anonymous_5)
FNF:2
FNH:2
FNDA:5,(anonymous_4)
FNDA:5,(anonymous_5)
DA:1,1
DA:2,1
DA:3,1
DA:6,1
DA:7,5
DA:11,1
DA:12,5
LF:7
LH:7
BRF:0
BRH:0
end_of_record
TN:
SF:src/players/players.module.ts
FNF:0
FNH:0
DA:1,1
DA:2,1
DA:3,1
DA:4,1
DA:5,1
DA:6,1
DA:14,1
LF:7
LH:7
BRF:0
BRH:0
end_of_record
TN:
SF:src/players/players.service.ts
FN:16,(anonymous_4)
FN:22,(anonymous_5)
FN:46,(anonymous_6)
FN:49,(anonymous_7)
FN:55,(anonymous_8)
FN:68,(anonymous_9)
FN:74,(anonymous_10)
FNF:7
FNH:7
FNDA:9,(anonymous_4)
FNDA:8,(anonymous_5)
FNDA:2,(anonymous_6)
FNDA:1,(anonymous_7)
FNDA:4,(anonymous_8)
FNDA:2,(anonymous_9)
FNDA:6,(anonymous_10)
DA:1,3
DA:6,3
DA:7,3
DA:8,3
DA:10,3
DA:13,3
DA:14,9
DA:17,9
DA:19,9
DA:23,8
DA:24,8
DA:25,0
DA:30,8
DA:31,2
DA:36,6
DA:40,6
DA:41,6
DA:42,6
DA:43,6
DA:47,2
DA:48,2
DA:49,2
DA:50,2
DA:52,2
DA:56,4
DA:57,4
DA:58,2
DA:60,2
DA:61,2
DA:62,0
DA:63,0
DA:65,2
DA:69,2
DA:70,2
DA:71,2
DA:75,6
DA:76,6
DA:77,4
DA:79,2
DA:83,2
DA:84,2
LF:41
LH:38
BRDA:24,0,0,0
BRDA:24,0,1,8
BRDA:30,1,0,2
BRDA:30,1,1,6
BRDA:30,2,0,8
BRDA:30,2,1,7
BRDA:47,3,0,2
BRDA:47,3,1,0
BRDA:56,4,0,2
BRDA:56,4,1,2
BRDA:56,5,0,4
BRDA:56,5,1,4
BRDA:57,6,0,2
BRDA:57,6,1,2
BRDA:61,7,0,0
BRDA:61,7,1,2
BRDA:65,8,0,0
BRDA:65,8,1,2
BRDA:65,9,0,2
BRDA:65,9,1,0
BRDA:76,10,0,4
BRDA:76,10,1,2
BRDA:83,11,0,2
BRDA:83,11,1,0
BRDA:83,12,0,0
BRDA:83,12,1,2
BRDA:83,13,0,2
BRDA:83,13,1,2
BRF:28
BRH:21
end_of_record
TN:
SF:src/players/dto/create-player.dto.ts
FNF:0
FNH:0
DA:1,1
DA:3,1
DA:6,1
LF:3
LH:3
BRF:0
BRH:0
end_of_record
TN:
SF:src/ranking/elo.service.ts
FN:19,(anonymous_1)
FN:22,(anonymous_2)
FN:37,(anonymous_3)
FNF:3
FNH:3
FNDA:10,(anonymous_1)
FNDA:4,(anonymous_2)
FNDA:8,(anonymous_3)
DA:1,3
DA:19,3
DA:20,10
DA:28,4
DA:29,4
DA:31,4
DA:32,4
DA:34,4
DA:38,8
LF:9
LH:9
BRF:0
BRH:0
end_of_record
TN:
SF:src/ranking/match.controller.ts
FN:7,(anonymous_4)
FN:11,(anonymous_5)
FNF:2
FNH:2
FNDA:5,(anonymous_4)
FNDA:2,(anonymous_5)
DA:1,1
DA:2,1
DA:3,1
DA:6,1
DA:7,5
DA:11,1
DA:12,2
LF:7
LH:7
BRF:0
BRH:0
end_of_record
TN:
SF:src/ranking/ranking-cache.module.ts
FNF:0
FNH:0
DA:1,1
DA:2,1
DA:8,1
LF:3
LH:3
BRF:0
BRH:0
end_of_record
TN:
SF:src/ranking/ranking-cache.service.ts
FN:5,(anonymous_1)
FN:8,(anonymous_2)
FN:12,(anonymous_3)
FN:16,(anonymous_4)
FN:20,(anonymous_5)
FN:21,(anonymous_6)
FN:24,(anonymous_7)
FNF:7
FNH:6
FNDA:6,(anonymous_1)
FNDA:5,(anonymous_2)
FNDA:3,(anonymous_3)
FNDA:7,(anonymous_4)
FNDA:2,(anonymous_5)
FNDA:0,(anonymous_6)
FNDA:1,(anonymous_7)
DA:1,4
DA:5,4
DA:6,6
DA:9,5
DA:13,3
DA:17,7
DA:21,2
DA:25,1
LF:8
LH:8
BRF:0
BRH:0
end_of_record
TN:
SF:src/ranking/ranking.controller.ts
FN:7,(anonymous_2)
FN:10,(anonymous_3)
FN:15,(anonymous_4)
FNF:3
FNH:2
FNDA:5,(anonymous_2)
FNDA:3,(anonymous_3)
FNDA:0,(anonymous_4)
DA:1,1
DA:2,1
DA:3,1
DA:6,1
DA:7,5
DA:10,1
DA:11,3
DA:15,1
DA:16,0
LF:9
LH:8
BRF:0
BRH:0
end_of_record
TN:
SF:src/ranking/ranking.module.ts
FNF:0
FNH:0
DA:1,1
DA:2,1
DA:3,1
DA:4,1
DA:5,1
DA:6,1
DA:7,1
DA:8,1
DA:9,1
DA:16,1
LF:10
LH:10
BRF:0
BRH:0
end_of_record
TN:
SF:src/ranking/ranking.service.ts
FN:23,(anonymous_4)
FN:32,(anonymous_5)
FN:41,(anonymous_6)
FN:52,(anonymous_7)
FN:108,(anonymous_8)
FN:109,(anonymous_9)
FN:110,(anonymous_10)
FN:119,(anonymous_11)
FN:123,(anonymous_12)
FN:125,(anonymous_13)
FN:134,(anonymous_14)
FNF:11
FNH:9
FNDA:9,(anonymous_4)
FNDA:5,(anonymous_5)
FNDA:1,(anonymous_6)
FNDA:4,(anonymous_7)
FNDA:1,(anonymous_8)
FNDA:1,(anonymous_9)
FNDA:0,(anonymous_10)
FNDA:1,(anonymous_11)
FNDA:1,(anonymous_12)
FNDA:0,(anonymous_13)
FNDA:1,(anonymous_14)
DA:1,2
DA:8,2
DA:9,2
DA:10,2
DA:11,2
DA:15,2
DA:16,2
DA:17,2
DA:18,2
DA:19,2
DA:22,2
DA:24,9
DA:25,9
DA:26,9
DA:27,9
DA:29,9
DA:33,5
DA:35,5
DA:36,3
DA:37,3
DA:38,3
DA:41,5
DA:43,5
DA:44,3
DA:49,2
DA:53,4
DA:54,1
DA:60,3
DA:61,3
DA:63,3
DA:64,1
DA:70,2
DA:71,2
DA:73,2
DA:80,2
DA:81,2
DA:83,2
DA:84,2
DA:85,2
DA:93,2
DA:97,2
DA:102,2
DA:109,1
DA:110,1
DA:111,0
DA:118,1
DA:119,1
DA:122,1
DA:124,1
DA:126,0
DA:127,0
DA:135,1
DA:136,1
DA:140,0
DA:145,1
LF:55
LH:51
BRDA:35,0,0,3
BRDA:35,0,1,2
BRDA:43,1,0,3
BRDA:43,1,1,2
BRDA:53,2,0,1
BRDA:53,2,1,3
BRDA:63,3,0,1
BRDA:63,3,1,2
BRDA:63,4,0,3
BRDA:63,4,1,2
BRDA:70,5,0,1
BRDA:70,5,1,1
BRDA:71,6,0,1
BRDA:71,6,1,1
BRDA:135,7,0,1
BRDA:135,7,1,0
BRF:16
BRH:15
end_of_record
TN:
SF:src/ranking/dto/publish-match.dto.ts
FNF:0
FNH:0
DA:1,1
DA:3,1
DA:6,1
DA:10,1
DA:13,1
LF:5
LH:5
BRF:0
BRH:0
end_of_record
TN:
SF:src/ranking/entities/match.entity.ts
FNF:0
FNH:0
DA:1,2
DA:9,2
DA:11,2
DA:14,2
DA:17,2
DA:20,2
DA:23,2
LF:7
LH:7
BRF:0
BRH:0
end_of_record
TN:
SF:src/ranking/events/ranking-update.event.ts
FN:4,(anonymous_0)
FNF:1
FNH:1
FNDA:4,(anonymous_0)
DA:3,2
DA:4,4
LF:2
LH:2
BRF:0
BRH:0
end_of_record
